Performing C SOURCE FILE Test CMAKE_HAVE_LIBC_PTHREAD failed with the following output:
Change Dir: /public/home/mzy6562523/Tests/cudpp-master/apps/simpleCUDPP/build/CMakeFiles/CMakeTmp

Run Build Command(s):/opt/rh/devtoolset-7/root/usr/bin/gmake cmTC_67aa2/fast && /opt/rh/devtoolset-7/root/usr/bin/gmake  -f CMakeFiles/cmTC_67aa2.dir/build.make CMakeFiles/cmTC_67aa2.dir/build
gmake[1]: Entering directory '/public/home/mzy6562523/Tests/cudpp-master/apps/simpleCUDPP/build/CMakeFiles/CMakeTmp'
Building C object CMakeFiles/cmTC_67aa2.dir/src.c.o
/opt/rh/devtoolset-7/root/usr/bin/cc   -fPIC -DCMAKE_HAVE_LIBC_PTHREAD   -o CMakeFiles/cmTC_67aa2.dir/src.c.o   -c /public/home/mzy6562523/Tests/cudpp-master/apps/simpleCUDPP/build/CMakeFiles/CMakeTmp/src.c
Linking C executable cmTC_67aa2
/public/software/compiler/cmake-3.17.2/bin/cmake -E cmake_link_script CMakeFiles/cmTC_67aa2.dir/link.txt --verbose=1
/opt/rh/devtoolset-7/root/usr/bin/cc -fPIC -DCMAKE_HAVE_LIBC_PTHREAD  -Wl,-rpath=/opt/rh/devtoolset-7/root/usr/lib64 -Wl,-rpath=/opt/rh/devtoolset-7/root/usr/lib  -rdynamic CMakeFiles/cmTC_67aa2.dir/src.c.o  -o cmTC_67aa2 
CMakeFiles/cmTC_67aa2.dir/src.c.o: In function `main':
src.c:(.text+0x2f): undefined reference to `pthread_create'
src.c:(.text+0x3b): undefined reference to `pthread_detach'
src.c:(.text+0x47): undefined reference to `pthread_cancel'
src.c:(.text+0x58): undefined reference to `pthread_join'
src.c:(.text+0x6c): undefined reference to `pthread_atfork'
collect2: error: ld returned 1 exit status
gmake[1]: *** [CMakeFiles/cmTC_67aa2.dir/build.make:107: cmTC_67aa2] Error 1
gmake[1]: Leaving directory '/public/home/mzy6562523/Tests/cudpp-master/apps/simpleCUDPP/build/CMakeFiles/CMakeTmp'
gmake: *** [Makefile:141: cmTC_67aa2/fast] Error 2


Source file was:
#include <pthread.h>

void* test_func(void* data)
{
  return data;
}

int main(void)
{
  pthread_t thread;
  pthread_create(&thread, NULL, test_func, NULL);
  pthread_detach(thread);
  pthread_cancel(thread);
  pthread_join(thread, NULL);
  pthread_atfork(NULL, NULL, NULL);
  pthread_exit(NULL);

  return 0;
}

Determining if the function pthread_create exists in the pthreads failed with the following output:
Change Dir: /public/home/mzy6562523/Tests/cudpp-master/apps/simpleCUDPP/build/CMakeFiles/CMakeTmp

Run Build Command(s):/opt/rh/devtoolset-7/root/usr/bin/gmake cmTC_8923a/fast && /opt/rh/devtoolset-7/root/usr/bin/gmake  -f CMakeFiles/cmTC_8923a.dir/build.make CMakeFiles/cmTC_8923a.dir/build
gmake[1]: Entering directory '/public/home/mzy6562523/Tests/cudpp-master/apps/simpleCUDPP/build/CMakeFiles/CMakeTmp'
Building C object CMakeFiles/cmTC_8923a.dir/CheckFunctionExists.c.o
/opt/rh/devtoolset-7/root/usr/bin/cc   -fPIC -DCHECK_FUNCTION_EXISTS=pthread_create   -o CMakeFiles/cmTC_8923a.dir/CheckFunctionExists.c.o   -c /public/software/compiler/cmake-3.17.2/share/cmake-3.17/Modules/CheckFunctionExists.c
Linking C executable cmTC_8923a
/public/software/compiler/cmake-3.17.2/bin/cmake -E cmake_link_script CMakeFiles/cmTC_8923a.dir/link.txt --verbose=1
/opt/rh/devtoolset-7/root/usr/bin/cc -fPIC -DCHECK_FUNCTION_EXISTS=pthread_create  -Wl,-rpath=/opt/rh/devtoolset-7/root/usr/lib64 -Wl,-rpath=/opt/rh/devtoolset-7/root/usr/lib  -rdynamic CMakeFiles/cmTC_8923a.dir/CheckFunctionExists.c.o  -o cmTC_8923a  -lpthreads 
/opt/rh/devtoolset-7/root/usr/libexec/gcc/x86_64-redhat-linux/7/ld: cannot find -lpthreads
collect2: error: ld returned 1 exit status
gmake[1]: *** [CMakeFiles/cmTC_8923a.dir/build.make:107: cmTC_8923a] Error 1
gmake[1]: Leaving directory '/public/home/mzy6562523/Tests/cudpp-master/apps/simpleCUDPP/build/CMakeFiles/CMakeTmp'
gmake: *** [Makefile:141: cmTC_8923a/fast] Error 2



